{"/Users/moshiktsadok/WebstormProjects/empiricalhire-demo/controllers/form.server.controller.js":{"path":"/Users/moshiktsadok/WebstormProjects/empiricalhire-demo/controllers/form.server.controller.js","s":{"1":1,"2":1,"3":1,"4":1,"5":1,"6":1,"7":1,"8":1,"9":1,"10":1,"11":1,"12":1,"13":1,"14":0,"15":0,"16":0,"17":0,"18":0,"19":1,"20":0,"21":0,"22":0,"23":0,"24":0,"25":0,"26":0,"27":0,"28":0,"29":0,"30":0,"31":0,"32":0,"33":0,"34":0,"35":0,"36":0,"37":1,"38":0,"39":0,"40":0,"41":0,"42":0,"43":0,"44":0,"45":0,"46":0,"47":0,"48":0,"49":0,"50":0,"51":0,"52":0,"53":0,"54":0,"55":0,"56":0,"57":0,"58":0,"59":0,"60":0,"61":0,"62":0,"63":0,"64":0,"65":0,"66":0,"67":0,"68":0,"69":0,"70":0,"71":0,"72":1,"73":0,"74":0,"75":1,"76":0,"77":0,"78":0,"79":0,"80":0,"81":0,"82":0,"83":0,"84":0,"85":0,"86":0,"87":0,"88":1,"89":0,"90":1,"91":0,"92":0,"93":0,"94":0,"95":0,"96":0},"b":{"1":[0,0],"2":[0,0],"3":[0,0],"4":[0,0],"5":[0,0],"6":[0,0],"7":[0,0],"8":[0,0],"9":[0,0],"10":[0,0],"11":[0,0],"12":[0,0],"13":[0,0],"14":[0,0],"15":[0,0],"16":[0,0]},"f":{"1":0,"2":0,"3":0,"4":0,"5":0,"6":0,"7":0,"8":0,"9":0,"10":0,"11":0,"12":0,"13":0,"14":0},"fnMap":{"1":{"name":"(anonymous_1)","line":17,"loc":{"start":{"line":17,"column":15},"end":{"line":17,"column":59}}},"2":{"name":"(anonymous_2)","line":27,"loc":{"start":{"line":27,"column":18},"end":{"line":27,"column":38}}},"3":{"name":"(anonymous_3)","line":32,"loc":{"start":{"line":32,"column":48},"end":{"line":32,"column":73}}},"4":{"name":"(anonymous_4)","line":39,"loc":{"start":{"line":39,"column":78},"end":{"line":39,"column":94}}},"5":{"name":"(anonymous_5)","line":56,"loc":{"start":{"line":56,"column":27},"end":{"line":56,"column":42}}},"6":{"name":"(anonymous_6)","line":68,"loc":{"start":{"line":68,"column":26},"end":{"line":68,"column":46}}},"7":{"name":"(anonymous_7)","line":74,"loc":{"start":{"line":74,"column":54},"end":{"line":74,"column":79}}},"8":{"name":"(anonymous_8)","line":105,"loc":{"start":{"line":105,"column":27},"end":{"line":105,"column":47}}},"9":{"name":"(anonymous_9)","line":124,"loc":{"start":{"line":124,"column":19},"end":{"line":124,"column":39}}},"10":{"name":"(anonymous_10)","line":135,"loc":{"start":{"line":135,"column":18},"end":{"line":135,"column":38}}},"11":{"name":"(anonymous_11)","line":141,"loc":{"start":{"line":141,"column":57},"end":{"line":141,"column":83}}},"12":{"name":"(anonymous_12)","line":149,"loc":{"start":{"line":149,"column":69},"end":{"line":149,"column":89}}},"13":{"name":"(anonymous_13)","line":172,"loc":{"start":{"line":172,"column":26},"end":{"line":172,"column":46}}},"14":{"name":"convertDate","line":181,"loc":{"start":{"line":181,"column":0},"end":{"line":181,"column":27}}}},"statementMap":{"1":{"start":{"line":1,"column":0},"end":{"line":1,"column":33}},"2":{"start":{"line":2,"column":0},"end":{"line":2,"column":40}},"3":{"start":{"line":3,"column":0},"end":{"line":3,"column":35}},"4":{"start":{"line":4,"column":0},"end":{"line":4,"column":23}},"5":{"start":{"line":5,"column":0},"end":{"line":5,"column":31}},"6":{"start":{"line":6,"column":0},"end":{"line":6,"column":83}},"7":{"start":{"line":7,"column":0},"end":{"line":7,"column":83}},"8":{"start":{"line":8,"column":0},"end":{"line":8,"column":63}},"9":{"start":{"line":9,"column":0},"end":{"line":9,"column":60}},"10":{"start":{"line":10,"column":0},"end":{"line":10,"column":32}},"11":{"start":{"line":11,"column":0},"end":{"line":11,"column":96}},"12":{"start":{"line":13,"column":0},"end":{"line":13,"column":23}},"13":{"start":{"line":15,"column":0},"end":{"line":15,"column":20}},"14":{"start":{"line":18,"column":8},"end":{"line":18,"column":33}},"15":{"start":{"line":19,"column":8},"end":{"line":19,"column":21}},"16":{"start":{"line":20,"column":8},"end":{"line":20,"column":27}},"17":{"start":{"line":21,"column":8},"end":{"line":21,"column":39}},"18":{"start":{"line":22,"column":8},"end":{"line":22,"column":31}},"19":{"start":{"line":27,"column":0},"end":{"line":66,"column":1}},"20":{"start":{"line":28,"column":4},"end":{"line":29,"column":71}},"21":{"start":{"line":32,"column":4},"end":{"line":65,"column":7}},"22":{"start":{"line":33,"column":8},"end":{"line":33,"column":27}},"23":{"start":{"line":33,"column":17},"end":{"line":33,"column":27}},"24":{"start":{"line":34,"column":8},"end":{"line":64,"column":9}},"25":{"start":{"line":35,"column":12},"end":{"line":35,"column":94}},"26":{"start":{"line":38,"column":12},"end":{"line":38,"column":60}},"27":{"start":{"line":39,"column":12},"end":{"line":63,"column":15}},"28":{"start":{"line":40,"column":16},"end":{"line":40,"column":35}},"29":{"start":{"line":41,"column":16},"end":{"line":41,"column":33}},"30":{"start":{"line":42,"column":16},"end":{"line":42,"column":33}},"31":{"start":{"line":43,"column":16},"end":{"line":43,"column":40}},"32":{"start":{"line":45,"column":16},"end":{"line":55,"column":19}},"33":{"start":{"line":56,"column":16},"end":{"line":62,"column":19}},"34":{"start":{"line":57,"column":20},"end":{"line":59,"column":21}},"35":{"start":{"line":58,"column":24},"end":{"line":58,"column":78}},"36":{"start":{"line":61,"column":20},"end":{"line":61,"column":85}},"37":{"start":{"line":68,"column":0},"end":{"line":122,"column":1}},"38":{"start":{"line":69,"column":4},"end":{"line":69,"column":79}},"39":{"start":{"line":70,"column":4},"end":{"line":70,"column":28}},"40":{"start":{"line":71,"column":4},"end":{"line":71,"column":29}},"41":{"start":{"line":72,"column":4},"end":{"line":72,"column":34}},"42":{"start":{"line":73,"column":4},"end":{"line":73,"column":36}},"43":{"start":{"line":74,"column":4},"end":{"line":121,"column":7}},"44":{"start":{"line":75,"column":8},"end":{"line":75,"column":27}},"45":{"start":{"line":75,"column":17},"end":{"line":75,"column":27}},"46":{"start":{"line":76,"column":8},"end":{"line":119,"column":9}},"47":{"start":{"line":77,"column":12},"end":{"line":77,"column":43}},"48":{"start":{"line":78,"column":12},"end":{"line":78,"column":52}},"49":{"start":{"line":79,"column":12},"end":{"line":79,"column":46}},"50":{"start":{"line":81,"column":12},"end":{"line":82,"column":87}},"51":{"start":{"line":83,"column":12},"end":{"line":83,"column":28}},"52":{"start":{"line":84,"column":12},"end":{"line":84,"column":45}},"53":{"start":{"line":85,"column":12},"end":{"line":85,"column":36}},"54":{"start":{"line":87,"column":12},"end":{"line":87,"column":43}},"55":{"start":{"line":89,"column":12},"end":{"line":89,"column":43}},"56":{"start":{"line":90,"column":12},"end":{"line":90,"column":45}},"57":{"start":{"line":91,"column":12},"end":{"line":91,"column":65}},"58":{"start":{"line":92,"column":12},"end":{"line":92,"column":56}},"59":{"start":{"line":94,"column":12},"end":{"line":94,"column":38}},"60":{"start":{"line":98,"column":12},"end":{"line":104,"column":13}},"61":{"start":{"line":100,"column":16},"end":{"line":103,"column":17}},"62":{"start":{"line":101,"column":20},"end":{"line":101,"column":93}},"63":{"start":{"line":102,"column":20},"end":{"line":102,"column":175}},"64":{"start":{"line":105,"column":12},"end":{"line":114,"column":15}},"65":{"start":{"line":106,"column":16},"end":{"line":113,"column":17}},"66":{"start":{"line":107,"column":20},"end":{"line":107,"column":92}},"67":{"start":{"line":110,"column":20},"end":{"line":110,"column":105}},"68":{"start":{"line":111,"column":20},"end":{"line":111,"column":96}},"69":{"start":{"line":112,"column":20},"end":{"line":112,"column":71}},"70":{"start":{"line":118,"column":12},"end":{"line":118,"column":93}},"71":{"start":{"line":120,"column":8},"end":{"line":120,"column":65}},"72":{"start":{"line":124,"column":0},"end":{"line":133,"column":1}},"73":{"start":{"line":126,"column":4},"end":{"line":126,"column":92}},"74":{"start":{"line":127,"column":4},"end":{"line":132,"column":7}},"75":{"start":{"line":135,"column":0},"end":{"line":170,"column":1}},"76":{"start":{"line":136,"column":4},"end":{"line":169,"column":5}},"77":{"start":{"line":138,"column":8},"end":{"line":138,"column":57}},"78":{"start":{"line":141,"column":8},"end":{"line":168,"column":11}},"79":{"start":{"line":142,"column":12},"end":{"line":142,"column":31}},"80":{"start":{"line":142,"column":21},"end":{"line":142,"column":31}},"81":{"start":{"line":143,"column":12},"end":{"line":167,"column":13}},"82":{"start":{"line":144,"column":16},"end":{"line":163,"column":17}},"83":{"start":{"line":145,"column":20},"end":{"line":145,"column":77}},"84":{"start":{"line":148,"column":20},"end":{"line":148,"column":68}},"85":{"start":{"line":149,"column":20},"end":{"line":161,"column":22}},"86":{"start":{"line":150,"column":24},"end":{"line":160,"column":27}},"87":{"start":{"line":166,"column":16},"end":{"line":166,"column":54}},"88":{"start":{"line":172,"column":0},"end":{"line":178,"column":1}},"89":{"start":{"line":173,"column":4},"end":{"line":177,"column":7}},"90":{"start":{"line":181,"column":0},"end":{"line":190,"column":1}},"91":{"start":{"line":182,"column":4},"end":{"line":182,"column":45}},"92":{"start":{"line":183,"column":4},"end":{"line":183,"column":44}},"93":{"start":{"line":184,"column":4},"end":{"line":184,"column":40}},"94":{"start":{"line":186,"column":4},"end":{"line":186,"column":31}},"95":{"start":{"line":187,"column":4},"end":{"line":187,"column":31}},"96":{"start":{"line":189,"column":4},"end":{"line":189,"column":95}}},"branchMap":{"1":{"line":33,"type":"if","locations":[{"start":{"line":33,"column":8},"end":{"line":33,"column":8}},{"start":{"line":33,"column":8},"end":{"line":33,"column":8}}]},"2":{"line":34,"type":"if","locations":[{"start":{"line":34,"column":8},"end":{"line":34,"column":8}},{"start":{"line":34,"column":8},"end":{"line":34,"column":8}}]},"3":{"line":57,"type":"if","locations":[{"start":{"line":57,"column":20},"end":{"line":57,"column":20}},{"start":{"line":57,"column":20},"end":{"line":57,"column":20}}]},"4":{"line":75,"type":"if","locations":[{"start":{"line":75,"column":8},"end":{"line":75,"column":8}},{"start":{"line":75,"column":8},"end":{"line":75,"column":8}}]},"5":{"line":76,"type":"if","locations":[{"start":{"line":76,"column":8},"end":{"line":76,"column":8}},{"start":{"line":76,"column":8},"end":{"line":76,"column":8}}]},"6":{"line":100,"type":"if","locations":[{"start":{"line":100,"column":16},"end":{"line":100,"column":16}},{"start":{"line":100,"column":16},"end":{"line":100,"column":16}}]},"7":{"line":106,"type":"if","locations":[{"start":{"line":106,"column":16},"end":{"line":106,"column":16}},{"start":{"line":106,"column":16},"end":{"line":106,"column":16}}]},"8":{"line":129,"type":"cond-expr","locations":[{"start":{"line":129,"column":56},"end":{"line":129,"column":61}},{"start":{"line":129,"column":64},"end":{"line":129,"column":69}}]},"9":{"line":136,"type":"if","locations":[{"start":{"line":136,"column":4},"end":{"line":136,"column":4}},{"start":{"line":136,"column":4},"end":{"line":136,"column":4}}]},"10":{"line":142,"type":"if","locations":[{"start":{"line":142,"column":12},"end":{"line":142,"column":12}},{"start":{"line":142,"column":12},"end":{"line":142,"column":12}}]},"11":{"line":143,"type":"if","locations":[{"start":{"line":143,"column":12},"end":{"line":143,"column":12}},{"start":{"line":143,"column":12},"end":{"line":143,"column":12}}]},"12":{"line":144,"type":"if","locations":[{"start":{"line":144,"column":16},"end":{"line":144,"column":16}},{"start":{"line":144,"column":16},"end":{"line":144,"column":16}}]},"13":{"line":154,"type":"cond-expr","locations":[{"start":{"line":154,"column":57},"end":{"line":154,"column":62}},{"start":{"line":154,"column":65},"end":{"line":154,"column":70}}]},"14":{"line":175,"type":"cond-expr","locations":[{"start":{"line":175,"column":55},"end":{"line":175,"column":60}},{"start":{"line":175,"column":63},"end":{"line":175,"column":68}}]},"15":{"line":189,"type":"cond-expr","locations":[{"start":{"line":189,"column":23},"end":{"line":189,"column":25}},{"start":{"line":189,"column":26},"end":{"line":189,"column":40}}]},"16":{"line":189,"type":"cond-expr","locations":[{"start":{"line":189,"column":63},"end":{"line":189,"column":65}},{"start":{"line":189,"column":66},"end":{"line":189,"column":80}}]}}},"/Users/moshiktsadok/WebstormProjects/empiricalhire-demo/controllers/formGenerator.server.controller.js":{"path":"/Users/moshiktsadok/WebstormProjects/empiricalhire-demo/controllers/formGenerator.server.controller.js","s":{"1":1,"2":1,"3":1,"4":1,"5":1,"6":1,"7":1,"8":1,"9":1,"10":1,"11":481,"12":481,"13":481,"14":125,"15":125,"16":103,"17":22,"18":0,"19":0,"20":22,"21":4,"22":18,"23":3,"24":15,"25":1,"26":14,"27":1,"28":481,"29":1,"30":1,"31":1,"32":0,"33":1,"34":125,"35":125,"36":125,"37":125,"38":125,"39":125,"40":3,"41":3,"42":3,"43":3,"44":17,"45":17,"46":17,"47":17,"48":3,"49":3,"50":122,"51":104,"52":104,"53":104,"54":728,"55":104,"56":104,"57":104,"58":104,"59":104,"60":104,"61":104,"62":18,"63":18,"64":1,"65":1,"66":17,"67":4,"68":4,"69":4,"70":125,"71":1,"72":2,"73":2,"74":2,"75":106,"76":106,"77":106,"78":1,"79":106,"80":106,"81":106,"82":1,"83":1,"84":1,"85":1,"86":1,"87":1,"88":1,"89":20,"90":20,"91":20,"92":1,"93":1,"94":1,"95":1,"96":1,"97":1,"98":1,"99":1,"100":1,"101":0,"102":0,"103":0,"104":0,"105":0,"106":0,"107":1,"108":0,"109":0,"110":0,"111":0,"112":0,"113":0,"114":0,"115":0,"116":0,"117":0,"118":0,"119":1,"120":21,"121":20,"122":20,"123":20,"124":21},"b":{"1":[125,356],"2":[103,22],"3":[0,22],"4":[4,18],"5":[3,15],"6":[1,14],"7":[1,13],"8":[0,125],"9":[0,125],"10":[3,122],"11":[0,3],"12":[17,0],"13":[104,18],"14":[122,19],"15":[104,0],"16":[0,18],"17":[1,17],"18":[4,13],"19":[0,4],"20":[0,4],"21":[1,0],"22":[21,20],"23":[1,0],"24":[1,0],"25":[0,0],"26":[0,0],"27":[20,1],"28":[20,0]},"f":{"1":1,"2":125,"3":2,"4":106,"5":1,"6":21},"fnMap":{"1":{"name":"(anonymous_1)","line":16,"loc":{"start":{"line":16,"column":23},"end":{"line":16,"column":74}}},"2":{"name":"parseQuestions","line":81,"loc":{"start":{"line":81,"column":0},"end":{"line":81,"column":44}}},"3":{"name":"shuffle","line":155,"loc":{"start":{"line":155,"column":0},"end":{"line":155,"column":28}}},"4":{"name":"swap","line":167,"loc":{"start":{"line":167,"column":0},"end":{"line":167,"column":51}}},"5":{"name":"reOrderFormJSON","line":173,"loc":{"start":{"line":173,"column":0},"end":{"line":173,"column":67}}},"6":{"name":"pushQuestion","line":230,"loc":{"start":{"line":230,"column":0},"end":{"line":230,"column":45}}}},"statementMap":{"1":{"start":{"line":1,"column":0},"end":{"line":1,"column":33}},"2":{"start":{"line":2,"column":0},"end":{"line":2,"column":31}},"3":{"start":{"line":3,"column":0},"end":{"line":3,"column":23}},"4":{"start":{"line":4,"column":0},"end":{"line":4,"column":63}},"5":{"start":{"line":6,"column":0},"end":{"line":14,"column":1}},"6":{"start":{"line":16,"column":0},"end":{"line":79,"column":1}},"7":{"start":{"line":17,"column":4},"end":{"line":17,"column":18}},"8":{"start":{"line":18,"column":4},"end":{"line":18,"column":39}},"9":{"start":{"line":20,"column":4},"end":{"line":27,"column":5}},"10":{"start":{"line":29,"column":4},"end":{"line":78,"column":6}},"11":{"start":{"line":39,"column":12},"end":{"line":39,"column":49}},"12":{"start":{"line":40,"column":12},"end":{"line":40,"column":52}},"13":{"start":{"line":46,"column":12},"end":{"line":63,"column":13}},"14":{"start":{"line":47,"column":16},"end":{"line":47,"column":70}},"15":{"start":{"line":48,"column":16},"end":{"line":62,"column":17}},"16":{"start":{"line":49,"column":20},"end":{"line":49,"column":68}},"17":{"start":{"line":50,"column":23},"end":{"line":62,"column":17}},"18":{"start":{"line":51,"column":20},"end":{"line":51,"column":101}},"19":{"start":{"line":52,"column":20},"end":{"line":52,"column":68}},"20":{"start":{"line":53,"column":23},"end":{"line":62,"column":17}},"21":{"start":{"line":54,"column":20},"end":{"line":54,"column":68}},"22":{"start":{"line":55,"column":23},"end":{"line":62,"column":17}},"23":{"start":{"line":56,"column":20},"end":{"line":56,"column":68}},"24":{"start":{"line":57,"column":23},"end":{"line":62,"column":17}},"25":{"start":{"line":58,"column":20},"end":{"line":58,"column":68}},"26":{"start":{"line":60,"column":21},"end":{"line":62,"column":17}},"27":{"start":{"line":61,"column":20},"end":{"line":61,"column":68}},"28":{"start":{"line":65,"column":12},"end":{"line":65,"column":20}},"29":{"start":{"line":69,"column":12},"end":{"line":69,"column":54}},"30":{"start":{"line":71,"column":12},"end":{"line":71,"column":54}},"31":{"start":{"line":73,"column":12},"end":{"line":75,"column":54}},"32":{"start":{"line":77,"column":12},"end":{"line":77,"column":27}},"33":{"start":{"line":81,"column":0},"end":{"line":153,"column":1}},"34":{"start":{"line":82,"column":4},"end":{"line":82,"column":28}},"35":{"start":{"line":83,"column":4},"end":{"line":83,"column":38}},"36":{"start":{"line":84,"column":4},"end":{"line":84,"column":40}},"37":{"start":{"line":85,"column":4},"end":{"line":85,"column":85}},"38":{"start":{"line":86,"column":4},"end":{"line":86,"column":111}},"39":{"start":{"line":88,"column":4},"end":{"line":151,"column":5}},"40":{"start":{"line":89,"column":8},"end":{"line":89,"column":31}},"41":{"start":{"line":90,"column":8},"end":{"line":90,"column":37}},"42":{"start":{"line":91,"column":8},"end":{"line":91,"column":119}},"43":{"start":{"line":92,"column":8},"end":{"line":102,"column":9}},"44":{"start":{"line":93,"column":12},"end":{"line":93,"column":69}},"45":{"start":{"line":94,"column":12},"end":{"line":101,"column":13}},"46":{"start":{"line":95,"column":16},"end":{"line":95,"column":46}},"47":{"start":{"line":96,"column":16},"end":{"line":96,"column":52}},"48":{"start":{"line":103,"column":8},"end":{"line":103,"column":46}},"49":{"start":{"line":104,"column":8},"end":{"line":104,"column":55}},"50":{"start":{"line":106,"column":9},"end":{"line":151,"column":5}},"51":{"start":{"line":107,"column":8},"end":{"line":107,"column":35}},"52":{"start":{"line":108,"column":8},"end":{"line":108,"column":28}},"53":{"start":{"line":109,"column":8},"end":{"line":111,"column":9}},"54":{"start":{"line":110,"column":12},"end":{"line":110,"column":35}},"55":{"start":{"line":113,"column":8},"end":{"line":113,"column":50}},"56":{"start":{"line":114,"column":8},"end":{"line":114,"column":46}},"57":{"start":{"line":115,"column":8},"end":{"line":115,"column":61}},"58":{"start":{"line":117,"column":8},"end":{"line":120,"column":9}},"59":{"start":{"line":118,"column":12},"end":{"line":118,"column":66}},"60":{"start":{"line":119,"column":12},"end":{"line":119,"column":66}},"61":{"start":{"line":128,"column":8},"end":{"line":128,"column":47}},"62":{"start":{"line":132,"column":9},"end":{"line":151,"column":5}},"63":{"start":{"line":143,"column":9},"end":{"line":151,"column":5}},"64":{"start":{"line":144,"column":8},"end":{"line":144,"column":52}},"65":{"start":{"line":145,"column":8},"end":{"line":145,"column":41}},"66":{"start":{"line":147,"column":9},"end":{"line":151,"column":5}},"67":{"start":{"line":148,"column":8},"end":{"line":148,"column":88}},"68":{"start":{"line":149,"column":8},"end":{"line":149,"column":53}},"69":{"start":{"line":150,"column":8},"end":{"line":150,"column":98}},"70":{"start":{"line":152,"column":4},"end":{"line":152,"column":26}},"71":{"start":{"line":155,"column":0},"end":{"line":165,"column":1}},"72":{"start":{"line":156,"column":4},"end":{"line":156,"column":41}},"73":{"start":{"line":157,"column":4},"end":{"line":157,"column":20}},"74":{"start":{"line":159,"column":4},"end":{"line":164,"column":5}},"75":{"start":{"line":160,"column":8},"end":{"line":160,"column":58}},"76":{"start":{"line":161,"column":8},"end":{"line":161,"column":24}},"77":{"start":{"line":163,"column":8},"end":{"line":163,"column":46}},"78":{"start":{"line":167,"column":0},"end":{"line":171,"column":1}},"79":{"start":{"line":168,"column":4},"end":{"line":168,"column":36}},"80":{"start":{"line":169,"column":4},"end":{"line":169,"column":48}},"81":{"start":{"line":170,"column":4},"end":{"line":170,"column":32}},"82":{"start":{"line":173,"column":0},"end":{"line":228,"column":1}},"83":{"start":{"line":174,"column":4},"end":{"line":174,"column":25}},"84":{"start":{"line":175,"column":4},"end":{"line":175,"column":32}},"85":{"start":{"line":176,"column":4},"end":{"line":176,"column":31}},"86":{"start":{"line":178,"column":4},"end":{"line":217,"column":5}},"87":{"start":{"line":179,"column":8},"end":{"line":179,"column":48}},"88":{"start":{"line":180,"column":8},"end":{"line":184,"column":9}},"89":{"start":{"line":181,"column":12},"end":{"line":181,"column":44}},"90":{"start":{"line":182,"column":12},"end":{"line":182,"column":53}},"91":{"start":{"line":183,"column":12},"end":{"line":183,"column":29}},"92":{"start":{"line":185,"column":8},"end":{"line":188,"column":9}},"93":{"start":{"line":186,"column":12},"end":{"line":186,"column":43}},"94":{"start":{"line":187,"column":12},"end":{"line":187,"column":53}},"95":{"start":{"line":190,"column":8},"end":{"line":216,"column":9}},"96":{"start":{"line":191,"column":12},"end":{"line":191,"column":34}},"97":{"start":{"line":192,"column":12},"end":{"line":192,"column":27}},"98":{"start":{"line":193,"column":12},"end":{"line":193,"column":33}},"99":{"start":{"line":194,"column":12},"end":{"line":208,"column":13}},"100":{"start":{"line":195,"column":16},"end":{"line":206,"column":17}},"101":{"start":{"line":198,"column":20},"end":{"line":205,"column":21}},"102":{"start":{"line":200,"column":24},"end":{"line":200,"column":84}},"103":{"start":{"line":201,"column":24},"end":{"line":201,"column":55}},"104":{"start":{"line":202,"column":24},"end":{"line":202,"column":86}},"105":{"start":{"line":203,"column":24},"end":{"line":203,"column":65}},"106":{"start":{"line":204,"column":24},"end":{"line":204,"column":30}},"107":{"start":{"line":207,"column":16},"end":{"line":207,"column":136}},"108":{"start":{"line":210,"column":12},"end":{"line":210,"column":30}},"109":{"start":{"line":211,"column":12},"end":{"line":211,"column":42}},"110":{"start":{"line":213,"column":12},"end":{"line":215,"column":13}},"111":{"start":{"line":214,"column":16},"end":{"line":214,"column":47}},"112":{"start":{"line":218,"column":4},"end":{"line":221,"column":5}},"113":{"start":{"line":219,"column":8},"end":{"line":219,"column":40}},"114":{"start":{"line":220,"column":8},"end":{"line":220,"column":49}},"115":{"start":{"line":223,"column":4},"end":{"line":226,"column":5}},"116":{"start":{"line":224,"column":8},"end":{"line":224,"column":40}},"117":{"start":{"line":225,"column":8},"end":{"line":225,"column":49}},"118":{"start":{"line":227,"column":4},"end":{"line":227,"column":23}},"119":{"start":{"line":230,"column":0},"end":{"line":239,"column":1}},"120":{"start":{"line":232,"column":3},"end":{"line":237,"column":5}},"121":{"start":{"line":233,"column":8},"end":{"line":233,"column":58}},"122":{"start":{"line":234,"column":8},"end":{"line":236,"column":9}},"123":{"start":{"line":235,"column":12},"end":{"line":235,"column":51}},"124":{"start":{"line":238,"column":4},"end":{"line":238,"column":31}}},"branchMap":{"1":{"line":46,"type":"if","locations":[{"start":{"line":46,"column":12},"end":{"line":46,"column":12}},{"start":{"line":46,"column":12},"end":{"line":46,"column":12}}]},"2":{"line":48,"type":"if","locations":[{"start":{"line":48,"column":16},"end":{"line":48,"column":16}},{"start":{"line":48,"column":16},"end":{"line":48,"column":16}}]},"3":{"line":50,"type":"if","locations":[{"start":{"line":50,"column":23},"end":{"line":50,"column":23}},{"start":{"line":50,"column":23},"end":{"line":50,"column":23}}]},"4":{"line":53,"type":"if","locations":[{"start":{"line":53,"column":23},"end":{"line":53,"column":23}},{"start":{"line":53,"column":23},"end":{"line":53,"column":23}}]},"5":{"line":55,"type":"if","locations":[{"start":{"line":55,"column":23},"end":{"line":55,"column":23}},{"start":{"line":55,"column":23},"end":{"line":55,"column":23}}]},"6":{"line":57,"type":"if","locations":[{"start":{"line":57,"column":23},"end":{"line":57,"column":23}},{"start":{"line":57,"column":23},"end":{"line":57,"column":23}}]},"7":{"line":60,"type":"if","locations":[{"start":{"line":60,"column":21},"end":{"line":60,"column":21}},{"start":{"line":60,"column":21},"end":{"line":60,"column":21}}]},"8":{"line":85,"type":"cond-expr","locations":[{"start":{"line":85,"column":40},"end":{"line":85,"column":61}},{"start":{"line":85,"column":64},"end":{"line":85,"column":84}}]},"9":{"line":86,"type":"cond-expr","locations":[{"start":{"line":86,"column":38},"end":{"line":86,"column":73}},{"start":{"line":86,"column":76},"end":{"line":86,"column":110}}]},"10":{"line":88,"type":"if","locations":[{"start":{"line":88,"column":4},"end":{"line":88,"column":4}},{"start":{"line":88,"column":4},"end":{"line":88,"column":4}}]},"11":{"line":91,"type":"cond-expr","locations":[{"start":{"line":91,"column":48},"end":{"line":91,"column":82}},{"start":{"line":91,"column":85},"end":{"line":91,"column":118}}]},"12":{"line":94,"type":"if","locations":[{"start":{"line":94,"column":12},"end":{"line":94,"column":12}},{"start":{"line":94,"column":12},"end":{"line":94,"column":12}}]},"13":{"line":106,"type":"if","locations":[{"start":{"line":106,"column":9},"end":{"line":106,"column":9}},{"start":{"line":106,"column":9},"end":{"line":106,"column":9}}]},"14":{"line":106,"type":"binary-expr","locations":[{"start":{"line":106,"column":12},"end":{"line":106,"column":38}},{"start":{"line":106,"column":42},"end":{"line":106,"column":68}}]},"15":{"line":117,"type":"if","locations":[{"start":{"line":117,"column":8},"end":{"line":117,"column":8}},{"start":{"line":117,"column":8},"end":{"line":117,"column":8}}]},"16":{"line":132,"type":"if","locations":[{"start":{"line":132,"column":9},"end":{"line":132,"column":9}},{"start":{"line":132,"column":9},"end":{"line":132,"column":9}}]},"17":{"line":143,"type":"if","locations":[{"start":{"line":143,"column":9},"end":{"line":143,"column":9}},{"start":{"line":143,"column":9},"end":{"line":143,"column":9}}]},"18":{"line":147,"type":"if","locations":[{"start":{"line":147,"column":9},"end":{"line":147,"column":9}},{"start":{"line":147,"column":9},"end":{"line":147,"column":9}}]},"19":{"line":148,"type":"cond-expr","locations":[{"start":{"line":148,"column":65},"end":{"line":148,"column":71}},{"start":{"line":148,"column":74},"end":{"line":148,"column":87}}]},"20":{"line":150,"type":"cond-expr","locations":[{"start":{"line":150,"column":49},"end":{"line":150,"column":72}},{"start":{"line":150,"column":75},"end":{"line":150,"column":97}}]},"21":{"line":178,"type":"binary-expr","locations":[{"start":{"line":178,"column":10},"end":{"line":178,"column":26}},{"start":{"line":178,"column":54},"end":{"line":178,"column":70}}]},"22":{"line":180,"type":"binary-expr","locations":[{"start":{"line":180,"column":15},"end":{"line":180,"column":33}},{"start":{"line":180,"column":37},"end":{"line":180,"column":53}}]},"23":{"line":185,"type":"if","locations":[{"start":{"line":185,"column":8},"end":{"line":185,"column":8}},{"start":{"line":185,"column":8},"end":{"line":185,"column":8}}]},"24":{"line":190,"type":"if","locations":[{"start":{"line":190,"column":8},"end":{"line":190,"column":8}},{"start":{"line":190,"column":8},"end":{"line":190,"column":8}}]},"25":{"line":198,"type":"if","locations":[{"start":{"line":198,"column":20},"end":{"line":198,"column":20}},{"start":{"line":198,"column":20},"end":{"line":198,"column":20}}]},"26":{"line":213,"type":"if","locations":[{"start":{"line":213,"column":12},"end":{"line":213,"column":12}},{"start":{"line":213,"column":12},"end":{"line":213,"column":12}}]},"27":{"line":232,"type":"if","locations":[{"start":{"line":232,"column":3},"end":{"line":232,"column":3}},{"start":{"line":232,"column":3},"end":{"line":232,"column":3}}]},"28":{"line":234,"type":"if","locations":[{"start":{"line":234,"column":8},"end":{"line":234,"column":8}},{"start":{"line":234,"column":8},"end":{"line":234,"column":8}}]}}},"/Users/moshiktsadok/WebstormProjects/empiricalhire-demo/models/candidate.server.model.js":{"path":"/Users/moshiktsadok/WebstormProjects/empiricalhire-demo/models/candidate.server.model.js","s":{"1":1,"2":1,"3":1,"4":1},"b":{},"f":{},"fnMap":{},"statementMap":{"1":{"start":{"line":1,"column":0},"end":{"line":1,"column":35}},"2":{"start":{"line":2,"column":0},"end":{"line":2,"column":29}},"3":{"start":{"line":4,"column":0},"end":{"line":25,"column":3}},"4":{"start":{"line":27,"column":0},"end":{"line":27,"column":62}}},"branchMap":{}},"/Users/moshiktsadok/WebstormProjects/empiricalhire-demo/controllers/textGenerator.server.controller.js":{"path":"/Users/moshiktsadok/WebstormProjects/empiricalhire-demo/controllers/textGenerator.server.controller.js","s":{"1":1,"2":0,"3":0,"4":1,"5":0,"6":0,"7":0,"8":1,"9":0,"10":0},"b":{"1":[0,0],"2":[0,0],"3":[0,0],"4":[0,0],"5":[0,0],"6":[0,0],"7":[0,0],"8":[0,0],"9":[0,0],"10":[0,0],"11":[0,0],"12":[0,0],"13":[0,0],"14":[0,0],"15":[0,0],"16":[0,0],"17":[0,0],"18":[0,0],"19":[0,0],"20":[0,0],"21":[0,0],"22":[0,0],"23":[0,0],"24":[0,0],"25":[0,0],"26":[0,0],"27":[0,0],"28":[0,0],"29":[0,0]},"f":{"1":0,"2":0,"3":0},"fnMap":{"1":{"name":"(anonymous_1)","line":2,"loc":{"start":{"line":2,"column":34},"end":{"line":2,"column":78}}},"2":{"name":"(anonymous_2)","line":22,"loc":{"start":{"line":22,"column":27},"end":{"line":22,"column":59}}},"3":{"name":"(anonymous_3)","line":33,"loc":{"start":{"line":33,"column":34},"end":{"line":33,"column":67}}}},"statementMap":{"1":{"start":{"line":2,"column":0},"end":{"line":20,"column":2}},"2":{"start":{"line":3,"column":4},"end":{"line":18,"column":5}},"3":{"start":{"line":19,"column":4},"end":{"line":19,"column":28}},"4":{"start":{"line":22,"column":0},"end":{"line":31,"column":1}},"5":{"start":{"line":23,"column":4},"end":{"line":23,"column":22}},"6":{"start":{"line":24,"column":4},"end":{"line":24,"column":73}},"7":{"start":{"line":30,"column":4},"end":{"line":30,"column":23}},"8":{"start":{"line":33,"column":0},"end":{"line":57,"column":1}},"9":{"start":{"line":34,"column":4},"end":{"line":55,"column":6}},"10":{"start":{"line":56,"column":4},"end":{"line":56,"column":34}}},"branchMap":{"1":{"line":6,"type":"cond-expr","locations":[{"start":{"line":6,"column":34},"end":{"line":6,"column":45}},{"start":{"line":6,"column":48},"end":{"line":6,"column":56}}]},"2":{"line":7,"type":"cond-expr","locations":[{"start":{"line":7,"column":35},"end":{"line":7,"column":49}},{"start":{"line":7,"column":52},"end":{"line":7,"column":64}}]},"3":{"line":8,"type":"cond-expr","locations":[{"start":{"line":8,"column":32},"end":{"line":8,"column":36}},{"start":{"line":8,"column":39},"end":{"line":8,"column":45}}]},"4":{"line":9,"type":"cond-expr","locations":[{"start":{"line":9,"column":35},"end":{"line":9,"column":42}},{"start":{"line":9,"column":45},"end":{"line":9,"column":60}}]},"5":{"line":10,"type":"cond-expr","locations":[{"start":{"line":10,"column":48},"end":{"line":10,"column":68}},{"start":{"line":10,"column":71},"end":{"line":10,"column":82}}]},"6":{"line":11,"type":"cond-expr","locations":[{"start":{"line":11,"column":38},"end":{"line":11,"column":50}},{"start":{"line":11,"column":53},"end":{"line":11,"column":66}}]},"7":{"line":12,"type":"cond-expr","locations":[{"start":{"line":12,"column":38},"end":{"line":12,"column":43}},{"start":{"line":12,"column":46},"end":{"line":12,"column":51}}]},"8":{"line":13,"type":"cond-expr","locations":[{"start":{"line":13,"column":32},"end":{"line":13,"column":38}},{"start":{"line":13,"column":41},"end":{"line":13,"column":46}}]},"9":{"line":14,"type":"cond-expr","locations":[{"start":{"line":14,"column":34},"end":{"line":14,"column":42}},{"start":{"line":14,"column":45},"end":{"line":14,"column":51}}]},"10":{"line":24,"type":"cond-expr","locations":[{"start":{"line":24,"column":40},"end":{"line":24,"column":48}},{"start":{"line":24,"column":51},"end":{"line":24,"column":72}}]},"11":{"line":35,"type":"cond-expr","locations":[{"start":{"line":35,"column":32},"end":{"line":35,"column":38}},{"start":{"line":35,"column":41},"end":{"line":35,"column":48}}]},"12":{"line":36,"type":"cond-expr","locations":[{"start":{"line":36,"column":47},"end":{"line":36,"column":60}},{"start":{"line":36,"column":63},"end":{"line":36,"column":79}}]},"13":{"line":37,"type":"cond-expr","locations":[{"start":{"line":37,"column":41},"end":{"line":37,"column":55}},{"start":{"line":37,"column":58},"end":{"line":37,"column":75}}]},"14":{"line":38,"type":"cond-expr","locations":[{"start":{"line":38,"column":35},"end":{"line":38,"column":44}},{"start":{"line":38,"column":47},"end":{"line":38,"column":56}}]},"15":{"line":39,"type":"cond-expr","locations":[{"start":{"line":39,"column":49},"end":{"line":39,"column":71}},{"start":{"line":39,"column":74},"end":{"line":39,"column":96}}]},"16":{"line":40,"type":"cond-expr","locations":[{"start":{"line":40,"column":45},"end":{"line":40,"column":67}},{"start":{"line":40,"column":70},"end":{"line":40,"column":83}}]},"17":{"line":41,"type":"cond-expr","locations":[{"start":{"line":41,"column":32},"end":{"line":41,"column":36}},{"start":{"line":41,"column":39},"end":{"line":41,"column":51}}]},"18":{"line":42,"type":"cond-expr","locations":[{"start":{"line":42,"column":40},"end":{"line":42,"column":76}},{"start":{"line":42,"column":79},"end":{"line":42,"column":103}}]},"19":{"line":43,"type":"cond-expr","locations":[{"start":{"line":43,"column":33},"end":{"line":43,"column":38}},{"start":{"line":43,"column":41},"end":{"line":43,"column":50}}]},"20":{"line":44,"type":"cond-expr","locations":[{"start":{"line":44,"column":32},"end":{"line":44,"column":41}},{"start":{"line":44,"column":44},"end":{"line":44,"column":53}}]},"21":{"line":45,"type":"cond-expr","locations":[{"start":{"line":45,"column":34},"end":{"line":45,"column":39}},{"start":{"line":45,"column":42},"end":{"line":45,"column":51}}]},"22":{"line":46,"type":"cond-expr","locations":[{"start":{"line":46,"column":43},"end":{"line":46,"column":56}},{"start":{"line":46,"column":59},"end":{"line":46,"column":76}}]},"23":{"line":47,"type":"cond-expr","locations":[{"start":{"line":47,"column":42},"end":{"line":47,"column":71}},{"start":{"line":47,"column":74},"end":{"line":47,"column":113}}]},"24":{"line":48,"type":"cond-expr","locations":[{"start":{"line":48,"column":39},"end":{"line":48,"column":45}},{"start":{"line":48,"column":48},"end":{"line":48,"column":62}}]},"25":{"line":49,"type":"cond-expr","locations":[{"start":{"line":49,"column":42},"end":{"line":49,"column":62}},{"start":{"line":49,"column":65},"end":{"line":49,"column":80}}]},"26":{"line":50,"type":"cond-expr","locations":[{"start":{"line":50,"column":46},"end":{"line":50,"column":133}},{"start":{"line":51,"column":12},"end":{"line":51,"column":85}}]},"27":{"line":52,"type":"cond-expr","locations":[{"start":{"line":52,"column":37},"end":{"line":52,"column":49}},{"start":{"line":52,"column":52},"end":{"line":52,"column":70}}]},"28":{"line":53,"type":"cond-expr","locations":[{"start":{"line":53,"column":39},"end":{"line":53,"column":55}},{"start":{"line":53,"column":58},"end":{"line":53,"column":72}}]},"29":{"line":54,"type":"cond-expr","locations":[{"start":{"line":54,"column":33},"end":{"line":54,"column":38}},{"start":{"line":54,"column":41},"end":{"line":54,"column":46}}]}}},"/Users/moshiktsadok/WebstormProjects/empiricalhire-demo/models/addClient.server.model.js":{"path":"/Users/moshiktsadok/WebstormProjects/empiricalhire-demo/models/addClient.server.model.js","s":{"1":1,"2":1,"3":1,"4":1},"b":{},"f":{},"fnMap":{},"statementMap":{"1":{"start":{"line":1,"column":0},"end":{"line":1,"column":35}},"2":{"start":{"line":2,"column":0},"end":{"line":2,"column":29}},"3":{"start":{"line":4,"column":0},"end":{"line":19,"column":3}},"4":{"start":{"line":21,"column":0},"end":{"line":21,"column":56}}},"branchMap":{}},"/Users/moshiktsadok/WebstormProjects/empiricalhire-demo/controllers/recruiterReportGenerator.server.controller.js":{"path":"/Users/moshiktsadok/WebstormProjects/empiricalhire-demo/controllers/recruiterReportGenerator.server.controller.js","s":{"1":1,"2":1,"3":1,"4":1,"5":1,"6":1,"7":0,"8":0,"9":0,"10":0,"11":0,"12":0,"13":0,"14":0,"15":0,"16":0,"17":0,"18":0,"19":0,"20":0,"21":0,"22":0,"23":0,"24":0,"25":0,"26":0,"27":0,"28":0,"29":0,"30":0,"31":0,"32":0,"33":0,"34":0,"35":0,"36":0,"37":1,"38":0,"39":0,"40":0,"41":0,"42":0,"43":0,"44":1,"45":0,"46":0,"47":0,"48":0,"49":0,"50":0,"51":0,"52":0,"53":0,"54":0,"55":0,"56":0,"57":0,"58":0,"59":0,"60":0,"61":0,"62":0,"63":0,"64":0,"65":0,"66":0,"67":0,"68":0,"69":0,"70":0,"71":0,"72":0,"73":0,"74":0,"75":0,"76":0,"77":0,"78":0,"79":0,"80":0,"81":0,"82":0,"83":0,"84":0,"85":1,"86":0,"87":0,"88":0,"89":0,"90":0,"91":0,"92":0,"93":0,"94":0,"95":0,"96":0,"97":0,"98":0,"99":0,"100":0,"101":0,"102":0,"103":0,"104":0,"105":0,"106":0,"107":0,"108":0,"109":0,"110":0,"111":0,"112":0,"113":0,"114":0,"115":0,"116":0},"b":{"1":[0,0],"2":[0,0],"3":[0,0],"4":[0,0],"5":[0,0],"6":[0,0],"7":[0,0],"8":[0,0],"9":[0,0],"10":[0,0],"11":[0,0,0],"12":[0,0],"13":[0,0],"14":[0,0],"15":[0,0],"16":[0,0],"17":[0,0],"18":[0,0],"19":[0,0],"20":[0,0],"21":[0,0],"22":[0,0],"23":[0,0],"24":[0,0],"25":[0,0],"26":[0,0],"27":[0,0],"28":[0,0],"29":[0,0],"30":[0,0,0,0],"31":[0,0,0,0],"32":[0,0],"33":[0,0],"34":[0,0],"35":[0,0],"36":[0,0],"37":[0,0],"38":[0,0],"39":[0,0]},"f":{"1":0,"2":0,"3":0,"4":0,"5":0,"6":0,"7":0,"8":0,"9":0,"10":0,"11":0},"fnMap":{"1":{"name":"(anonymous_1)","line":12,"loc":{"start":{"line":12,"column":30},"end":{"line":12,"column":60}}},"2":{"name":"(anonymous_2)","line":14,"loc":{"start":{"line":14,"column":47},"end":{"line":14,"column":73}}},"3":{"name":"(anonymous_3)","line":36,"loc":{"start":{"line":36,"column":37},"end":{"line":36,"column":72}}},"4":{"name":"(anonymous_4)","line":40,"loc":{"start":{"line":40,"column":71},"end":{"line":40,"column":104}}},"5":{"name":"(anonymous_5)","line":52,"loc":{"start":{"line":52,"column":35},"end":{"line":52,"column":57}}},"6":{"name":"(anonymous_6)","line":69,"loc":{"start":{"line":69,"column":34},"end":{"line":69,"column":54}}},"7":{"name":"(anonymous_7)","line":70,"loc":{"start":{"line":70,"column":42},"end":{"line":70,"column":62}}},"8":{"name":"(anonymous_8)","line":73,"loc":{"start":{"line":73,"column":65},"end":{"line":73,"column":96}}},"9":{"name":"getFactorsAvg","line":92,"loc":{"start":{"line":92,"column":0},"end":{"line":92,"column":44}}},"10":{"name":"getVerbalText","line":170,"loc":{"start":{"line":170,"column":0},"end":{"line":170,"column":70}}},"11":{"name":"(anonymous_11)","line":190,"loc":{"start":{"line":190,"column":32},"end":{"line":190,"column":50}}}},"statementMap":{"1":{"start":{"line":1,"column":0},"end":{"line":1,"column":33}},"2":{"start":{"line":2,"column":0},"end":{"line":2,"column":31}},"3":{"start":{"line":3,"column":0},"end":{"line":3,"column":23}},"4":{"start":{"line":4,"column":0},"end":{"line":4,"column":63}},"5":{"start":{"line":5,"column":0},"end":{"line":5,"column":83}},"6":{"start":{"line":12,"column":0},"end":{"line":67,"column":1}},"7":{"start":{"line":14,"column":4},"end":{"line":66,"column":7}},"8":{"start":{"line":15,"column":8},"end":{"line":17,"column":9}},"9":{"start":{"line":16,"column":12},"end":{"line":16,"column":93}},"10":{"start":{"line":18,"column":8},"end":{"line":65,"column":9}},"11":{"start":{"line":19,"column":12},"end":{"line":26,"column":13}},"12":{"start":{"line":20,"column":16},"end":{"line":20,"column":112}},"13":{"start":{"line":22,"column":16},"end":{"line":24,"column":17}},"14":{"start":{"line":23,"column":20},"end":{"line":23,"column":40}},"15":{"start":{"line":25,"column":16},"end":{"line":25,"column":23}},"16":{"start":{"line":27,"column":12},"end":{"line":33,"column":13}},"17":{"start":{"line":29,"column":16},"end":{"line":31,"column":17}},"18":{"start":{"line":30,"column":20},"end":{"line":30,"column":40}},"19":{"start":{"line":32,"column":16},"end":{"line":32,"column":23}},"20":{"start":{"line":36,"column":12},"end":{"line":64,"column":15}},"21":{"start":{"line":37,"column":16},"end":{"line":37,"column":95}},"22":{"start":{"line":38,"column":16},"end":{"line":38,"column":58}},"23":{"start":{"line":40,"column":16},"end":{"line":63,"column":19}},"24":{"start":{"line":42,"column":20},"end":{"line":42,"column":35}},"25":{"start":{"line":43,"column":20},"end":{"line":43,"column":49}},"26":{"start":{"line":44,"column":20},"end":{"line":44,"column":51}},"27":{"start":{"line":45,"column":20},"end":{"line":45,"column":51}},"28":{"start":{"line":46,"column":20},"end":{"line":46,"column":53}},"29":{"start":{"line":47,"column":20},"end":{"line":47,"column":44}},"30":{"start":{"line":49,"column":20},"end":{"line":49,"column":46}},"31":{"start":{"line":52,"column":20},"end":{"line":59,"column":23}},"32":{"start":{"line":53,"column":24},"end":{"line":58,"column":25}},"33":{"start":{"line":54,"column":28},"end":{"line":54,"column":112}},"34":{"start":{"line":57,"column":28},"end":{"line":57,"column":99}},"35":{"start":{"line":60,"column":20},"end":{"line":62,"column":21}},"36":{"start":{"line":61,"column":24},"end":{"line":61,"column":44}},"37":{"start":{"line":69,"column":0},"end":{"line":90,"column":2}},"38":{"start":{"line":70,"column":4},"end":{"line":89,"column":7}},"39":{"start":{"line":71,"column":8},"end":{"line":71,"column":55}},"40":{"start":{"line":72,"column":8},"end":{"line":88,"column":9}},"41":{"start":{"line":73,"column":12},"end":{"line":81,"column":15}},"42":{"start":{"line":74,"column":16},"end":{"line":80,"column":19}},"43":{"start":{"line":84,"column":12},"end":{"line":87,"column":15}},"44":{"start":{"line":92,"column":0},"end":{"line":168,"column":1}},"45":{"start":{"line":93,"column":4},"end":{"line":93,"column":21}},"46":{"start":{"line":94,"column":4},"end":{"line":94,"column":22}},"47":{"start":{"line":96,"column":4},"end":{"line":167,"column":10}},"48":{"start":{"line":100,"column":12},"end":{"line":100,"column":30}},"49":{"start":{"line":101,"column":12},"end":{"line":101,"column":42}},"50":{"start":{"line":102,"column":12},"end":{"line":102,"column":35}},"51":{"start":{"line":105,"column":12},"end":{"line":126,"column":13}},"52":{"start":{"line":106,"column":16},"end":{"line":125,"column":17}},"53":{"start":{"line":109,"column":20},"end":{"line":109,"column":44}},"54":{"start":{"line":110,"column":20},"end":{"line":124,"column":21}},"55":{"start":{"line":111,"column":24},"end":{"line":123,"column":25}},"56":{"start":{"line":112,"column":28},"end":{"line":120,"column":29}},"57":{"start":{"line":113,"column":32},"end":{"line":113,"column":125}},"58":{"start":{"line":115,"column":33},"end":{"line":120,"column":29}},"59":{"start":{"line":116,"column":32},"end":{"line":116,"column":101}},"60":{"start":{"line":119,"column":32},"end":{"line":119,"column":87}},"61":{"start":{"line":121,"column":28},"end":{"line":121,"column":47}},"62":{"start":{"line":122,"column":28},"end":{"line":122,"column":143}},"63":{"start":{"line":127,"column":12},"end":{"line":127,"column":32}},"64":{"start":{"line":128,"column":12},"end":{"line":128,"column":37}},"65":{"start":{"line":129,"column":12},"end":{"line":129,"column":63}},"66":{"start":{"line":131,"column":12},"end":{"line":131,"column":40}},"67":{"start":{"line":133,"column":12},"end":{"line":133,"column":110}},"68":{"start":{"line":134,"column":12},"end":{"line":134,"column":37}},"69":{"start":{"line":142,"column":12},"end":{"line":142,"column":58}},"70":{"start":{"line":143,"column":12},"end":{"line":143,"column":87}},"71":{"start":{"line":144,"column":12},"end":{"line":144,"column":96}},"72":{"start":{"line":145,"column":12},"end":{"line":145,"column":88}},"73":{"start":{"line":146,"column":12},"end":{"line":160,"column":13}},"74":{"start":{"line":147,"column":16},"end":{"line":147,"column":58}},"75":{"start":{"line":149,"column":17},"end":{"line":160,"column":13}},"76":{"start":{"line":150,"column":16},"end":{"line":150,"column":35}},"77":{"start":{"line":152,"column":17},"end":{"line":160,"column":13}},"78":{"start":{"line":153,"column":16},"end":{"line":153,"column":35}},"79":{"start":{"line":155,"column":17},"end":{"line":160,"column":13}},"80":{"start":{"line":156,"column":16},"end":{"line":156,"column":35}},"81":{"start":{"line":159,"column":16},"end":{"line":159,"column":35}},"82":{"start":{"line":162,"column":12},"end":{"line":162,"column":104}},"83":{"start":{"line":163,"column":12},"end":{"line":163,"column":42}},"84":{"start":{"line":166,"column":12},"end":{"line":166,"column":115}},"85":{"start":{"line":170,"column":0},"end":{"line":233,"column":1}},"86":{"start":{"line":171,"column":4},"end":{"line":171,"column":23}},"87":{"start":{"line":172,"column":4},"end":{"line":172,"column":24}},"88":{"start":{"line":173,"column":4},"end":{"line":173,"column":49}},"89":{"start":{"line":176,"column":4},"end":{"line":178,"column":5}},"90":{"start":{"line":177,"column":8},"end":{"line":177,"column":76}},"91":{"start":{"line":180,"column":4},"end":{"line":180,"column":78}},"92":{"start":{"line":182,"column":4},"end":{"line":232,"column":10}},"93":{"start":{"line":187,"column":12},"end":{"line":187,"column":50}},"94":{"start":{"line":188,"column":12},"end":{"line":188,"column":51}},"95":{"start":{"line":190,"column":12},"end":{"line":216,"column":14}},"96":{"start":{"line":192,"column":16},"end":{"line":215,"column":17}},"97":{"start":{"line":194,"column":20},"end":{"line":195,"column":89}},"98":{"start":{"line":196,"column":20},"end":{"line":197,"column":89}},"99":{"start":{"line":198,"column":20},"end":{"line":200,"column":73}},"100":{"start":{"line":202,"column":20},"end":{"line":202,"column":40}},"101":{"start":{"line":203,"column":20},"end":{"line":203,"column":63}},"102":{"start":{"line":204,"column":20},"end":{"line":204,"column":65}},"103":{"start":{"line":205,"column":20},"end":{"line":205,"column":74}},"104":{"start":{"line":207,"column":20},"end":{"line":214,"column":21}},"105":{"start":{"line":208,"column":24},"end":{"line":208,"column":100}},"106":{"start":{"line":209,"column":24},"end":{"line":209,"column":51}},"107":{"start":{"line":211,"column":25},"end":{"line":214,"column":21}},"108":{"start":{"line":212,"column":24},"end":{"line":212,"column":99}},"109":{"start":{"line":213,"column":24},"end":{"line":213,"column":52}},"110":{"start":{"line":219,"column":12},"end":{"line":227,"column":13}},"111":{"start":{"line":220,"column":16},"end":{"line":220,"column":94}},"112":{"start":{"line":221,"column":16},"end":{"line":221,"column":92}},"113":{"start":{"line":222,"column":16},"end":{"line":222,"column":48}},"114":{"start":{"line":225,"column":16},"end":{"line":225,"column":96}},"115":{"start":{"line":226,"column":16},"end":{"line":226,"column":72}},"116":{"start":{"line":231,"column":12},"end":{"line":231,"column":148}}},"branchMap":{"1":{"line":15,"type":"if","locations":[{"start":{"line":15,"column":8},"end":{"line":15,"column":8}},{"start":{"line":15,"column":8},"end":{"line":15,"column":8}}]},"2":{"line":18,"type":"if","locations":[{"start":{"line":18,"column":8},"end":{"line":18,"column":8}},{"start":{"line":18,"column":8},"end":{"line":18,"column":8}}]},"3":{"line":19,"type":"if","locations":[{"start":{"line":19,"column":12},"end":{"line":19,"column":12}},{"start":{"line":19,"column":12},"end":{"line":19,"column":12}}]},"4":{"line":22,"type":"if","locations":[{"start":{"line":22,"column":16},"end":{"line":22,"column":16}},{"start":{"line":22,"column":16},"end":{"line":22,"column":16}}]},"5":{"line":27,"type":"if","locations":[{"start":{"line":27,"column":12},"end":{"line":27,"column":12}},{"start":{"line":27,"column":12},"end":{"line":27,"column":12}}]},"6":{"line":27,"type":"binary-expr","locations":[{"start":{"line":27,"column":17},"end":{"line":27,"column":33}},{"start":{"line":27,"column":39},"end":{"line":27,"column":65}}]},"7":{"line":29,"type":"if","locations":[{"start":{"line":29,"column":16},"end":{"line":29,"column":16}},{"start":{"line":29,"column":16},"end":{"line":29,"column":16}}]},"8":{"line":53,"type":"if","locations":[{"start":{"line":53,"column":24},"end":{"line":53,"column":24}},{"start":{"line":53,"column":24},"end":{"line":53,"column":24}}]},"9":{"line":60,"type":"if","locations":[{"start":{"line":60,"column":20},"end":{"line":60,"column":20}},{"start":{"line":60,"column":20},"end":{"line":60,"column":20}}]},"10":{"line":72,"type":"if","locations":[{"start":{"line":72,"column":8},"end":{"line":72,"column":8}},{"start":{"line":72,"column":8},"end":{"line":72,"column":8}}]},"11":{"line":72,"type":"binary-expr","locations":[{"start":{"line":72,"column":13},"end":{"line":72,"column":22}},{"start":{"line":72,"column":28},"end":{"line":72,"column":44}},{"start":{"line":72,"column":50},"end":{"line":72,"column":76}}]},"12":{"line":75,"type":"cond-expr","locations":[{"start":{"line":75,"column":36},"end":{"line":75,"column":50}},{"start":{"line":75,"column":51},"end":{"line":75,"column":72}}]},"13":{"line":85,"type":"cond-expr","locations":[{"start":{"line":85,"column":32},"end":{"line":85,"column":46}},{"start":{"line":85,"column":47},"end":{"line":85,"column":68}}]},"14":{"line":86,"type":"cond-expr","locations":[{"start":{"line":86,"column":35},"end":{"line":86,"column":69}},{"start":{"line":86,"column":70},"end":{"line":86,"column":125}}]},"15":{"line":106,"type":"if","locations":[{"start":{"line":106,"column":16},"end":{"line":106,"column":16}},{"start":{"line":106,"column":16},"end":{"line":106,"column":16}}]},"16":{"line":111,"type":"if","locations":[{"start":{"line":111,"column":24},"end":{"line":111,"column":24}},{"start":{"line":111,"column":24},"end":{"line":111,"column":24}}]},"17":{"line":112,"type":"if","locations":[{"start":{"line":112,"column":28},"end":{"line":112,"column":28}},{"start":{"line":112,"column":28},"end":{"line":112,"column":28}}]},"18":{"line":113,"type":"cond-expr","locations":[{"start":{"line":113,"column":119},"end":{"line":113,"column":120}},{"start":{"line":113,"column":123},"end":{"line":113,"column":124}}]},"19":{"line":115,"type":"if","locations":[{"start":{"line":115,"column":33},"end":{"line":115,"column":33}},{"start":{"line":115,"column":33},"end":{"line":115,"column":33}}]},"20":{"line":146,"type":"if","locations":[{"start":{"line":146,"column":12},"end":{"line":146,"column":12}},{"start":{"line":146,"column":12},"end":{"line":146,"column":12}}]},"21":{"line":149,"type":"if","locations":[{"start":{"line":149,"column":17},"end":{"line":149,"column":17}},{"start":{"line":149,"column":17},"end":{"line":149,"column":17}}]},"22":{"line":149,"type":"binary-expr","locations":[{"start":{"line":149,"column":21},"end":{"line":149,"column":40}},{"start":{"line":149,"column":44},"end":{"line":149,"column":60}}]},"23":{"line":152,"type":"if","locations":[{"start":{"line":152,"column":17},"end":{"line":152,"column":17}},{"start":{"line":152,"column":17},"end":{"line":152,"column":17}}]},"24":{"line":152,"type":"binary-expr","locations":[{"start":{"line":152,"column":21},"end":{"line":152,"column":38}},{"start":{"line":152,"column":42},"end":{"line":152,"column":58}}]},"25":{"line":155,"type":"if","locations":[{"start":{"line":155,"column":17},"end":{"line":155,"column":17}},{"start":{"line":155,"column":17},"end":{"line":155,"column":17}}]},"26":{"line":155,"type":"binary-expr","locations":[{"start":{"line":155,"column":21},"end":{"line":155,"column":38}},{"start":{"line":155,"column":42},"end":{"line":155,"column":60}}]},"27":{"line":176,"type":"if","locations":[{"start":{"line":176,"column":4},"end":{"line":176,"column":4}},{"start":{"line":176,"column":4},"end":{"line":176,"column":4}}]},"28":{"line":176,"type":"binary-expr","locations":[{"start":{"line":176,"column":8},"end":{"line":176,"column":35}},{"start":{"line":176,"column":39},"end":{"line":176,"column":59}}]},"29":{"line":192,"type":"if","locations":[{"start":{"line":192,"column":16},"end":{"line":192,"column":16}},{"start":{"line":192,"column":16},"end":{"line":192,"column":16}}]},"30":{"line":194,"type":"binary-expr","locations":[{"start":{"line":194,"column":39},"end":{"line":194,"column":56}},{"start":{"line":194,"column":60},"end":{"line":194,"column":100}},{"start":{"line":195,"column":25},"end":{"line":195,"column":42}},{"start":{"line":195,"column":46},"end":{"line":195,"column":86}}]},"31":{"line":196,"type":"binary-expr","locations":[{"start":{"line":196,"column":39},"end":{"line":196,"column":56}},{"start":{"line":196,"column":60},"end":{"line":196,"column":100}},{"start":{"line":197,"column":25},"end":{"line":197,"column":42}},{"start":{"line":197,"column":46},"end":{"line":197,"column":86}}]},"32":{"line":198,"type":"cond-expr","locations":[{"start":{"line":198,"column":58},"end":{"line":198,"column":102}},{"start":{"line":199,"column":26},"end":{"line":200,"column":72}}]},"33":{"line":198,"type":"cond-expr","locations":[{"start":{"line":198,"column":69},"end":{"line":198,"column":83}},{"start":{"line":198,"column":86},"end":{"line":198,"column":102}}]},"34":{"line":199,"type":"cond-expr","locations":[{"start":{"line":199,"column":48},"end":{"line":199,"column":90}},{"start":{"line":200,"column":30},"end":{"line":200,"column":72}}]},"35":{"line":199,"type":"cond-expr","locations":[{"start":{"line":199,"column":59},"end":{"line":199,"column":72}},{"start":{"line":199,"column":75},"end":{"line":199,"column":90}}]},"36":{"line":200,"type":"cond-expr","locations":[{"start":{"line":200,"column":41},"end":{"line":200,"column":54}},{"start":{"line":200,"column":57},"end":{"line":200,"column":72}}]},"37":{"line":207,"type":"if","locations":[{"start":{"line":207,"column":20},"end":{"line":207,"column":20}},{"start":{"line":207,"column":20},"end":{"line":207,"column":20}}]},"38":{"line":211,"type":"if","locations":[{"start":{"line":211,"column":25},"end":{"line":211,"column":25}},{"start":{"line":211,"column":25},"end":{"line":211,"column":25}}]},"39":{"line":219,"type":"if","locations":[{"start":{"line":219,"column":12},"end":{"line":219,"column":12}},{"start":{"line":219,"column":12},"end":{"line":219,"column":12}}]}}}}