TN:
SF:/Users/moshiktsadok/WebstormProjects/empiricalhire-demo/controllers/form.server.controller.js
FN:17,(anonymous_1)
FN:27,(anonymous_2)
FN:32,(anonymous_3)
FN:39,(anonymous_4)
FN:56,(anonymous_5)
FN:68,(anonymous_6)
FN:74,(anonymous_7)
FN:105,(anonymous_8)
FN:124,(anonymous_9)
FN:135,(anonymous_10)
FN:141,(anonymous_11)
FN:149,(anonymous_12)
FN:172,(anonymous_13)
FN:181,convertDate
FNF:14
FNH:0
FNDA:0,(anonymous_1)
FNDA:0,(anonymous_2)
FNDA:0,(anonymous_3)
FNDA:0,(anonymous_4)
FNDA:0,(anonymous_5)
FNDA:0,(anonymous_6)
FNDA:0,(anonymous_7)
FNDA:0,(anonymous_8)
FNDA:0,(anonymous_9)
FNDA:0,(anonymous_10)
FNDA:0,(anonymous_11)
FNDA:0,(anonymous_12)
FNDA:0,(anonymous_13)
FNDA:0,convertDate
DA:1,1
DA:2,1
DA:3,1
DA:4,1
DA:5,1
DA:6,1
DA:7,1
DA:8,1
DA:9,1
DA:10,1
DA:11,1
DA:13,1
DA:15,1
DA:18,0
DA:19,0
DA:20,0
DA:21,0
DA:22,0
DA:27,1
DA:28,0
DA:32,0
DA:33,0
DA:34,0
DA:35,0
DA:38,0
DA:39,0
DA:40,0
DA:41,0
DA:42,0
DA:43,0
DA:45,0
DA:56,0
DA:57,0
DA:58,0
DA:61,0
DA:68,1
DA:69,0
DA:70,0
DA:71,0
DA:72,0
DA:73,0
DA:74,0
DA:75,0
DA:76,0
DA:77,0
DA:78,0
DA:79,0
DA:81,0
DA:83,0
DA:84,0
DA:85,0
DA:87,0
DA:89,0
DA:90,0
DA:91,0
DA:92,0
DA:94,0
DA:98,0
DA:100,0
DA:101,0
DA:102,0
DA:105,0
DA:106,0
DA:107,0
DA:110,0
DA:111,0
DA:112,0
DA:118,0
DA:120,0
DA:124,1
DA:126,0
DA:127,0
DA:135,1
DA:136,0
DA:138,0
DA:141,0
DA:142,0
DA:143,0
DA:144,0
DA:145,0
DA:148,0
DA:149,0
DA:150,0
DA:166,0
DA:172,1
DA:173,0
DA:181,1
DA:182,0
DA:183,0
DA:184,0
DA:186,0
DA:187,0
DA:189,0
LF:93
LH:19
BRDA:33,1,0,0
BRDA:33,1,1,0
BRDA:34,2,0,0
BRDA:34,2,1,0
BRDA:57,3,0,0
BRDA:57,3,1,0
BRDA:75,4,0,0
BRDA:75,4,1,0
BRDA:76,5,0,0
BRDA:76,5,1,0
BRDA:100,6,0,0
BRDA:100,6,1,0
BRDA:106,7,0,0
BRDA:106,7,1,0
BRDA:129,8,0,0
BRDA:129,8,1,0
BRDA:136,9,0,0
BRDA:136,9,1,0
BRDA:142,10,0,0
BRDA:142,10,1,0
BRDA:143,11,0,0
BRDA:143,11,1,0
BRDA:144,12,0,0
BRDA:144,12,1,0
BRDA:154,13,0,0
BRDA:154,13,1,0
BRDA:175,14,0,0
BRDA:175,14,1,0
BRDA:189,15,0,0
BRDA:189,15,1,0
BRDA:189,16,0,0
BRDA:189,16,1,0
BRF:32
BRH:0
end_of_record
TN:
SF:/Users/moshiktsadok/WebstormProjects/empiricalhire-demo/controllers/formGenerator.server.controller.js
FN:16,(anonymous_1)
FN:81,parseQuestions
FN:155,shuffle
FN:167,swap
FN:173,reOrderFormJSON
FN:230,pushQuestion
FNF:6
FNH:6
FNDA:1,(anonymous_1)
FNDA:125,parseQuestions
FNDA:2,shuffle
FNDA:106,swap
FNDA:1,reOrderFormJSON
FNDA:21,pushQuestion
DA:1,1
DA:2,1
DA:3,1
DA:4,1
DA:6,1
DA:16,1
DA:17,1
DA:18,1
DA:20,1
DA:29,1
DA:39,481
DA:40,481
DA:46,481
DA:47,125
DA:48,125
DA:49,103
DA:50,22
DA:51,0
DA:52,0
DA:53,22
DA:54,4
DA:55,18
DA:56,3
DA:57,15
DA:58,1
DA:60,14
DA:61,1
DA:65,481
DA:69,1
DA:71,1
DA:73,1
DA:77,0
DA:81,1
DA:82,125
DA:83,125
DA:84,125
DA:85,125
DA:86,125
DA:88,125
DA:89,3
DA:90,3
DA:91,3
DA:92,3
DA:93,17
DA:94,17
DA:95,17
DA:96,17
DA:103,3
DA:104,3
DA:106,122
DA:107,104
DA:108,104
DA:109,104
DA:110,728
DA:113,104
DA:114,104
DA:115,104
DA:117,104
DA:118,104
DA:119,104
DA:128,104
DA:132,18
DA:143,18
DA:144,1
DA:145,1
DA:147,17
DA:148,4
DA:149,4
DA:150,4
DA:152,125
DA:155,1
DA:156,2
DA:157,2
DA:159,2
DA:160,106
DA:161,106
DA:163,106
DA:167,1
DA:168,106
DA:169,106
DA:170,106
DA:173,1
DA:174,1
DA:175,1
DA:176,1
DA:178,1
DA:179,1
DA:180,1
DA:181,20
DA:182,20
DA:183,20
DA:185,1
DA:186,1
DA:187,1
DA:190,1
DA:191,1
DA:192,1
DA:193,1
DA:194,1
DA:195,1
DA:198,0
DA:200,0
DA:201,0
DA:202,0
DA:203,0
DA:204,0
DA:207,1
DA:210,0
DA:211,0
DA:213,0
DA:214,0
DA:218,0
DA:219,0
DA:220,0
DA:223,0
DA:224,0
DA:225,0
DA:227,0
DA:230,1
DA:232,21
DA:233,20
DA:234,20
DA:235,20
DA:238,21
LF:124
LH:104
BRDA:46,1,0,125
BRDA:46,1,1,356
BRDA:48,2,0,103
BRDA:48,2,1,22
BRDA:50,3,0,0
BRDA:50,3,1,22
BRDA:53,4,0,4
BRDA:53,4,1,18
BRDA:55,5,0,3
BRDA:55,5,1,15
BRDA:57,6,0,1
BRDA:57,6,1,14
BRDA:60,7,0,1
BRDA:60,7,1,13
BRDA:85,8,0,0
BRDA:85,8,1,125
BRDA:86,9,0,0
BRDA:86,9,1,125
BRDA:88,10,0,3
BRDA:88,10,1,122
BRDA:91,11,0,0
BRDA:91,11,1,3
BRDA:94,12,0,17
BRDA:94,12,1,0
BRDA:106,13,0,104
BRDA:106,13,1,18
BRDA:106,14,0,122
BRDA:106,14,1,19
BRDA:117,15,0,104
BRDA:117,15,1,0
BRDA:132,16,0,0
BRDA:132,16,1,18
BRDA:143,17,0,1
BRDA:143,17,1,17
BRDA:147,18,0,4
BRDA:147,18,1,13
BRDA:148,19,0,0
BRDA:148,19,1,4
BRDA:150,20,0,0
BRDA:150,20,1,4
BRDA:178,21,0,1
BRDA:178,21,1,0
BRDA:180,22,0,21
BRDA:180,22,1,20
BRDA:185,23,0,1
BRDA:185,23,1,0
BRDA:190,24,0,1
BRDA:190,24,1,0
BRDA:198,25,0,0
BRDA:198,25,1,0
BRDA:213,26,0,0
BRDA:213,26,1,0
BRDA:232,27,0,20
BRDA:232,27,1,1
BRDA:234,28,0,20
BRDA:234,28,1,0
BRF:56
BRH:39
end_of_record
TN:
SF:/Users/moshiktsadok/WebstormProjects/empiricalhire-demo/models/candidate.server.model.js
FNF:0
FNH:0
DA:1,1
DA:2,1
DA:4,1
DA:27,1
LF:4
LH:4
BRF:0
BRH:0
end_of_record
TN:
SF:/Users/moshiktsadok/WebstormProjects/empiricalhire-demo/controllers/textGenerator.server.controller.js
FN:2,(anonymous_1)
FN:22,(anonymous_2)
FN:33,(anonymous_3)
FNF:3
FNH:0
FNDA:0,(anonymous_1)
FNDA:0,(anonymous_2)
FNDA:0,(anonymous_3)
DA:2,1
DA:3,0
DA:19,0
DA:22,1
DA:23,0
DA:24,0
DA:30,0
DA:33,1
DA:34,0
DA:56,0
LF:10
LH:3
BRDA:6,1,0,0
BRDA:6,1,1,0
BRDA:7,2,0,0
BRDA:7,2,1,0
BRDA:8,3,0,0
BRDA:8,3,1,0
BRDA:9,4,0,0
BRDA:9,4,1,0
BRDA:10,5,0,0
BRDA:10,5,1,0
BRDA:11,6,0,0
BRDA:11,6,1,0
BRDA:12,7,0,0
BRDA:12,7,1,0
BRDA:13,8,0,0
BRDA:13,8,1,0
BRDA:14,9,0,0
BRDA:14,9,1,0
BRDA:24,10,0,0
BRDA:24,10,1,0
BRDA:35,11,0,0
BRDA:35,11,1,0
BRDA:36,12,0,0
BRDA:36,12,1,0
BRDA:37,13,0,0
BRDA:37,13,1,0
BRDA:38,14,0,0
BRDA:38,14,1,0
BRDA:39,15,0,0
BRDA:39,15,1,0
BRDA:40,16,0,0
BRDA:40,16,1,0
BRDA:41,17,0,0
BRDA:41,17,1,0
BRDA:42,18,0,0
BRDA:42,18,1,0
BRDA:43,19,0,0
BRDA:43,19,1,0
BRDA:44,20,0,0
BRDA:44,20,1,0
BRDA:45,21,0,0
BRDA:45,21,1,0
BRDA:46,22,0,0
BRDA:46,22,1,0
BRDA:47,23,0,0
BRDA:47,23,1,0
BRDA:48,24,0,0
BRDA:48,24,1,0
BRDA:49,25,0,0
BRDA:49,25,1,0
BRDA:50,26,0,0
BRDA:50,26,1,0
BRDA:52,27,0,0
BRDA:52,27,1,0
BRDA:53,28,0,0
BRDA:53,28,1,0
BRDA:54,29,0,0
BRDA:54,29,1,0
BRF:58
BRH:0
end_of_record
TN:
SF:/Users/moshiktsadok/WebstormProjects/empiricalhire-demo/models/addClient.server.model.js
FNF:0
FNH:0
DA:1,1
DA:2,1
DA:4,1
DA:21,1
LF:4
LH:4
BRF:0
BRH:0
end_of_record
TN:
SF:/Users/moshiktsadok/WebstormProjects/empiricalhire-demo/controllers/recruiterReportGenerator.server.controller.js
FN:12,(anonymous_1)
FN:14,(anonymous_2)
FN:36,(anonymous_3)
FN:40,(anonymous_4)
FN:52,(anonymous_5)
FN:69,(anonymous_6)
FN:70,(anonymous_7)
FN:73,(anonymous_8)
FN:92,getFactorsAvg
FN:170,getVerbalText
FN:190,(anonymous_11)
FNF:11
FNH:0
FNDA:0,(anonymous_1)
FNDA:0,(anonymous_2)
FNDA:0,(anonymous_3)
FNDA:0,(anonymous_4)
FNDA:0,(anonymous_5)
FNDA:0,(anonymous_6)
FNDA:0,(anonymous_7)
FNDA:0,(anonymous_8)
FNDA:0,getFactorsAvg
FNDA:0,getVerbalText
FNDA:0,(anonymous_11)
DA:1,1
DA:2,1
DA:3,1
DA:4,1
DA:5,1
DA:12,1
DA:14,0
DA:15,0
DA:16,0
DA:18,0
DA:19,0
DA:20,0
DA:22,0
DA:23,0
DA:25,0
DA:27,0
DA:29,0
DA:30,0
DA:32,0
DA:36,0
DA:37,0
DA:38,0
DA:40,0
DA:42,0
DA:43,0
DA:44,0
DA:45,0
DA:46,0
DA:47,0
DA:49,0
DA:52,0
DA:53,0
DA:54,0
DA:57,0
DA:60,0
DA:61,0
DA:69,1
DA:70,0
DA:71,0
DA:72,0
DA:73,0
DA:74,0
DA:84,0
DA:92,1
DA:93,0
DA:94,0
DA:96,0
DA:100,0
DA:101,0
DA:102,0
DA:105,0
DA:106,0
DA:109,0
DA:110,0
DA:111,0
DA:112,0
DA:113,0
DA:115,0
DA:116,0
DA:119,0
DA:121,0
DA:122,0
DA:127,0
DA:128,0
DA:129,0
DA:131,0
DA:133,0
DA:134,0
DA:142,0
DA:143,0
DA:144,0
DA:145,0
DA:146,0
DA:147,0
DA:149,0
DA:150,0
DA:152,0
DA:153,0
DA:155,0
DA:156,0
DA:159,0
DA:162,0
DA:163,0
DA:166,0
DA:170,1
DA:171,0
DA:172,0
DA:173,0
DA:176,0
DA:177,0
DA:180,0
DA:182,0
DA:187,0
DA:188,0
DA:190,0
DA:192,0
DA:194,0
DA:196,0
DA:198,0
DA:202,0
DA:203,0
DA:204,0
DA:205,0
DA:207,0
DA:208,0
DA:209,0
DA:211,0
DA:212,0
DA:213,0
DA:219,0
DA:220,0
DA:221,0
DA:222,0
DA:225,0
DA:226,0
DA:231,0
LF:116
LH:9
BRDA:15,1,0,0
BRDA:15,1,1,0
BRDA:18,2,0,0
BRDA:18,2,1,0
BRDA:19,3,0,0
BRDA:19,3,1,0
BRDA:22,4,0,0
BRDA:22,4,1,0
BRDA:27,5,0,0
BRDA:27,5,1,0
BRDA:27,6,0,0
BRDA:27,6,1,0
BRDA:29,7,0,0
BRDA:29,7,1,0
BRDA:53,8,0,0
BRDA:53,8,1,0
BRDA:60,9,0,0
BRDA:60,9,1,0
BRDA:72,10,0,0
BRDA:72,10,1,0
BRDA:72,11,0,0
BRDA:72,11,1,0
BRDA:72,11,2,0
BRDA:75,12,0,0
BRDA:75,12,1,0
BRDA:85,13,0,0
BRDA:85,13,1,0
BRDA:86,14,0,0
BRDA:86,14,1,0
BRDA:106,15,0,0
BRDA:106,15,1,0
BRDA:111,16,0,0
BRDA:111,16,1,0
BRDA:112,17,0,0
BRDA:112,17,1,0
BRDA:113,18,0,0
BRDA:113,18,1,0
BRDA:115,19,0,0
BRDA:115,19,1,0
BRDA:146,20,0,0
BRDA:146,20,1,0
BRDA:149,21,0,0
BRDA:149,21,1,0
BRDA:149,22,0,0
BRDA:149,22,1,0
BRDA:152,23,0,0
BRDA:152,23,1,0
BRDA:152,24,0,0
BRDA:152,24,1,0
BRDA:155,25,0,0
BRDA:155,25,1,0
BRDA:155,26,0,0
BRDA:155,26,1,0
BRDA:176,27,0,0
BRDA:176,27,1,0
BRDA:176,28,0,0
BRDA:176,28,1,0
BRDA:192,29,0,0
BRDA:192,29,1,0
BRDA:194,30,0,0
BRDA:194,30,1,0
BRDA:194,30,2,0
BRDA:194,30,3,0
BRDA:196,31,0,0
BRDA:196,31,1,0
BRDA:196,31,2,0
BRDA:196,31,3,0
BRDA:198,32,0,0
BRDA:198,32,1,0
BRDA:198,33,0,0
BRDA:198,33,1,0
BRDA:199,34,0,0
BRDA:199,34,1,0
BRDA:199,35,0,0
BRDA:199,35,1,0
BRDA:200,36,0,0
BRDA:200,36,1,0
BRDA:207,37,0,0
BRDA:207,37,1,0
BRDA:211,38,0,0
BRDA:211,38,1,0
BRDA:219,39,0,0
BRDA:219,39,1,0
BRF:83
BRH:0
end_of_record
